c:\users\benjamin\source\repos\masterlol_v4\masterlol.project\masterlol.sdk\debug\masterlol.sdk.pch
c:\users\benjamin\source\repos\masterlol_v4\masterlol.project\masterlol.sdk\debug\masterlol.sdk.pdb
c:\users\benjamin\source\repos\masterlol_v4\masterlol.project\masterlol.sdk\debug\masterlol.sdk.idb
c:\users\benjamin\source\repos\masterlol_v4\masterlol.project\masterlol.sdk\debug\aiheroclient.obj
c:\users\benjamin\source\repos\masterlol_v4\masterlol.project\masterlol.sdk\debug\attackableunit.obj
c:\users\benjamin\source\repos\masterlol_v4\masterlol.project\masterlol.sdk\debug\d3dhooks.obj
c:\users\benjamin\source\repos\masterlol_v4\masterlol.project\masterlol.sdk\debug\draw.obj
c:\users\benjamin\source\repos\masterlol_v4\masterlol.project\masterlol.sdk\debug\game.obj
c:\users\benjamin\source\repos\masterlol_v4\masterlol.project\masterlol.sdk\debug\gamecursor.obj
c:\users\benjamin\source\repos\masterlol_v4\masterlol.project\masterlol.sdk\debug\gameobject.obj
c:\users\benjamin\source\repos\masterlol_v4\masterlol.project\masterlol.sdk\debug\inputs.obj
c:\users\benjamin\source\repos\masterlol_v4\masterlol.project\masterlol.sdk\debug\obj_ai_base.obj
c:\users\benjamin\source\repos\masterlol_v4\masterlol.project\masterlol.sdk\debug\objectmanager.obj
c:\users\benjamin\source\repos\masterlol_v4\masterlol.project\masterlol.sdk\debug\options.obj
c:\users\benjamin\source\repos\masterlol_v4\masterlol.project\masterlol.sdk\debug\patchables.obj
c:\users\benjamin\source\repos\masterlol_v4\masterlol.project\masterlol.sdk\debug\render.obj
c:\users\benjamin\source\repos\masterlol_v4\masterlol.project\masterlol.sdk\debug\spelldatainst.obj
c:\users\benjamin\source\repos\masterlol_v4\masterlol.project\masterlol.sdk\debug\spellinfo.obj
c:\users\benjamin\source\repos\masterlol_v4\masterlol.project\masterlol.sdk\debug\spellbook.obj
c:\users\benjamin\source\repos\masterlol_v4\masterlol.project\masterlol.sdk\debug\utilities.obj
c:\users\benjamin\source\repos\masterlol_v4\masterlol.project\masterlol.sdk\debug\main.obj
c:\users\benjamin\source\repos\masterlol_v4\masterlol.project\masterlol.sdk\debug\input.obj
c:\users\benjamin\source\repos\masterlol_v4\masterlol.project\masterlol.sdk\debug\menu.obj
c:\users\benjamin\source\repos\masterlol_v4\masterlol.project\masterlol.sdk\debug\menudraw.obj
c:\users\benjamin\source\repos\masterlol_v4\masterlol.project\masterlol.sdk\debug\menuitems.obj
c:\users\benjamin\source\repos\masterlol_v4\masterlol.project\masterlol.sdk\debug\tools.obj
c:\users\benjamin\source\repos\masterlol_v4\masterlol.project\masterlol.sdk\debug\stdafx.obj
c:\users\benjamin\source\repos\masterlol_v5\masterlol\masterlol.sdk\debug\masterlol.sdk.pch
c:\users\benjamin\source\repos\masterlol_v5\masterlol\masterlol.sdk\debug\masterlol.sdk.pdb
c:\users\benjamin\source\repos\masterlol_v5\masterlol\masterlol.sdk\debug\masterlol.sdk.idb
c:\users\benjamin\source\repos\masterlol_v5\masterlol\masterlol.sdk\debug\aiheroclient.obj
c:\users\benjamin\source\repos\masterlol_v5\masterlol\masterlol.sdk\debug\attackableunit.obj
c:\users\benjamin\source\repos\masterlol_v5\masterlol\masterlol.sdk\debug\draw.obj
c:\users\benjamin\source\repos\masterlol_v5\masterlol\masterlol.sdk\debug\game.obj
c:\users\benjamin\source\repos\masterlol_v5\masterlol\masterlol.sdk\debug\gamecursor.obj
c:\users\benjamin\source\repos\masterlol_v5\masterlol\masterlol.sdk\debug\gameobject.obj
c:\users\benjamin\source\repos\masterlol_v5\masterlol\masterlol.sdk\debug\d3dhooks.obj
c:\users\benjamin\source\repos\masterlol_v5\masterlol\masterlol.sdk\debug\inputs.obj
c:\users\benjamin\source\repos\masterlol_v5\masterlol\masterlol.sdk\debug\main.obj
c:\users\benjamin\source\repos\masterlol_v5\masterlol\masterlol.sdk\debug\menudraw.obj
c:\users\benjamin\source\repos\masterlol_v5\masterlol\masterlol.sdk\debug\input.obj
c:\users\benjamin\source\repos\masterlol_v5\masterlol\masterlol.sdk\debug\menu.obj
c:\users\benjamin\source\repos\masterlol_v5\masterlol\masterlol.sdk\debug\menuitems.obj
c:\users\benjamin\source\repos\masterlol_v5\masterlol\masterlol.sdk\debug\tools.obj
c:\users\benjamin\source\repos\masterlol_v5\masterlol\masterlol.sdk\debug\objectmanager.obj
c:\users\benjamin\source\repos\masterlol_v5\masterlol\masterlol.sdk\debug\obj_ai_base.obj
c:\users\benjamin\source\repos\masterlol_v5\masterlol\masterlol.sdk\debug\options.obj
c:\users\benjamin\source\repos\masterlol_v5\masterlol\masterlol.sdk\debug\patchables.obj
c:\users\benjamin\source\repos\masterlol_v5\masterlol\masterlol.sdk\debug\render.obj
c:\users\benjamin\source\repos\masterlol_v5\masterlol\masterlol.sdk\debug\spellbook.obj
c:\users\benjamin\source\repos\masterlol_v5\masterlol\masterlol.sdk\debug\spelldatainst.obj
c:\users\benjamin\source\repos\masterlol_v5\masterlol\masterlol.sdk\debug\spellinfo.obj
c:\users\benjamin\source\repos\masterlol_v5\masterlol\masterlol.sdk\debug\stdafx.obj
c:\users\benjamin\source\repos\masterlol_v5\masterlol\masterlol.sdk\debug\utilities.obj
d:\benjamin\projects\github\masterlol_v6\masterlol\masterlol.sdk\debug\masterlol.sdk.pch
d:\benjamin\projects\github\masterlol_v6\masterlol\masterlol.sdk\debug\masterlol.sdk.pdb
d:\benjamin\projects\github\masterlol_v6\masterlol\masterlol.sdk\debug\masterlol.sdk.idb
d:\benjamin\projects\github\masterlol_v6\masterlol\masterlol.sdk\debug\aiheroclient.obj
d:\benjamin\projects\github\masterlol_v6\masterlol\masterlol.sdk\debug\gamecursor.obj
d:\benjamin\projects\github\masterlol_v6\masterlol\masterlol.sdk\debug\gameobject.obj
d:\benjamin\projects\github\masterlol_v6\masterlol\masterlol.sdk\debug\inputs.obj
d:\benjamin\projects\github\masterlol_v6\masterlol\masterlol.sdk\debug\menudraw.obj
d:\benjamin\projects\github\masterlol_v6\masterlol\masterlol.sdk\debug\input.obj
d:\benjamin\projects\github\masterlol_v6\masterlol\masterlol.sdk\debug\menu.obj
d:\benjamin\projects\github\masterlol_v6\masterlol\masterlol.sdk\debug\menuitems.obj
d:\benjamin\projects\github\masterlol_v6\masterlol\masterlol.sdk\debug\tools.obj
d:\benjamin\projects\github\masterlol_v6\masterlol\masterlol.sdk\debug\options.obj
d:\benjamin\projects\github\masterlol_v6\masterlol\masterlol.sdk\debug\patchables.obj
d:\benjamin\projects\github\masterlol_v6\masterlol\masterlol.sdk\debug\spellbook.obj
d:\benjamin\projects\github\masterlol_v6\masterlol\masterlol.sdk\debug\spelldatainst.obj
d:\benjamin\projects\github\masterlol_v6\masterlol\masterlol.sdk\debug\spellinfo.obj
d:\benjamin\projects\github\masterlol_v6\masterlol\masterlol.sdk\debug\stdafx.obj
d:\benjamin\projects\github\masterlol_v6\masterlol\masterlol.sdk\debug\utilities.obj
c:\users\benjamin\source\repos\masterlol_v4\masterlol.project\debug\masterlol.sdk.lib
c:\users\benjamin\source\repos\masterlol_v5\masterlol\debug\masterlol.sdk.lib
d:\benjamin\projects\github\masterlol_v6\masterlol\masterlol.sdk\debug\attackableunit.obj
d:\benjamin\projects\github\masterlol_v6\masterlol\masterlol.sdk\debug\d3dhooks.obj
d:\benjamin\projects\github\masterlol_v6\masterlol\masterlol.sdk\debug\draw.obj
d:\benjamin\projects\github\masterlol_v6\masterlol\masterlol.sdk\debug\game.obj
d:\benjamin\projects\github\masterlol_v6\masterlol\masterlol.sdk\debug\main.obj
d:\benjamin\projects\github\masterlol_v6\masterlol\masterlol.sdk\debug\objectmanager.obj
d:\benjamin\projects\github\masterlol_v6\masterlol\masterlol.sdk\debug\obj_ai_base.obj
d:\benjamin\projects\github\masterlol_v6\masterlol\masterlol.sdk\debug\render.obj
d:\benjamin\projects\github\masterlol_v6\masterlol\masterlol.sdk\debug\obj_ai_base.obj.enc
d:\benjamin\projects\github\masterlol_v6\masterlol\masterlol.sdk\debug\masterlol.sdk.tlog\cl.command.1.tlog
d:\benjamin\projects\github\masterlol_v6\masterlol\masterlol.sdk\debug\masterlol.sdk.tlog\cl.read.1.tlog
d:\benjamin\projects\github\masterlol_v6\masterlol\masterlol.sdk\debug\masterlol.sdk.tlog\cl.write.1.tlog
d:\benjamin\projects\github\masterlol_v6\masterlol\masterlol.sdk\debug\masterlol.sdk.tlog\lib-link.read.1.tlog
d:\benjamin\projects\github\masterlol_v6\masterlol\masterlol.sdk\debug\masterlol.sdk.tlog\lib-link.write.1.tlog
d:\benjamin\projects\github\masterlol_v6\masterlol\masterlol.sdk\debug\masterlol.sdk.tlog\lib.command.1.tlog
